<?xml version="1.0" encoding="UTF-8"?>
<!-- Generated by org.testng.reporters.JUnitXMLReporter -->
<testsuite ignored="0" hostname="Akeem" failures="0" tests="16" name="Regression12" time="72.304" errors="0" timestamp="2023-03-12T22:30:12 CDT">
  <testcase classname="TestCases.tc54" name="browser" time="1.487"/>
  <testcase classname="TestCases.tc54" name="openurl" time="3.697"/>
  <testcase classname="TestCases.tc54" name="enableSleep" time="7.007"/>
  <testcase classname="TestCases.tc54" name="Logindetails" time="4.992"/>
  <testcase classname="TestCases.tc54" name="Logindetails" time="4.784"/>
  <testcase classname="TestCases.tc54" name="Logindetails" time="4.243"/>
  <testcase classname="TestCases.tc54" name="Logindetails" time="4.875"/>
  <testcase classname="TestCases.tc54" name="Logindetails" time="4.913"/>
  <testcase classname="TestCases.tc54" name="Logindetails" time="4.907"/>
  <testcase classname="TestCases.tc54" name="Logindetails" time="4.913"/>
  <testcase classname="TestCases.tc54" name="Logindetails" time="4.89"/>
  <testcase classname="TestCases.tc54" name="Logindetails" time="4.207"/>
  <testcase classname="TestCases.tc54" name="Logindetails" time="4.929"/>
  <testcase classname="TestCases.tc54" name="Logindetails" time="5.233"/>
  <testcase classname="TestCases.tc54" name="enablesleep" time="7.01"/>
  <testcase classname="TestCases.tc54" name="close" time="0.155"/>
</testsuite> <!-- Regression12 -->
