<?xml version="1.0" encoding="UTF-8"?>
<!-- Generated by org.testng.reporters.JUnitXMLReporter -->
<testsuite ignored="0" hostname="Akeem" failures="0" tests="16" name="Regression" time="70.245" errors="0" timestamp="2023-03-12T22:27:49 CDT">
  <testcase classname="TestCases.tc54" name="browser" time="2.657"/>
  <testcase classname="TestCases.tc54" name="openurl" time="3.555"/>
  <testcase classname="TestCases.tc54" name="enableSleep" time="7.007"/>
  <testcase classname="TestCases.tc54" name="Logindetails" time="4.982"/>
  <testcase classname="TestCases.tc54" name="Logindetails" time="4.25"/>
  <testcase classname="TestCases.tc54" name="Logindetails" time="4.293"/>
  <testcase classname="TestCases.tc54" name="Logindetails" time="4.3"/>
  <testcase classname="TestCases.tc54" name="Logindetails" time="4.287"/>
  <testcase classname="TestCases.tc54" name="Logindetails" time="4.279"/>
  <testcase classname="TestCases.tc54" name="Logindetails" time="4.281"/>
  <testcase classname="TestCases.tc54" name="Logindetails" time="4.274"/>
  <testcase classname="TestCases.tc54" name="Logindetails" time="4.272"/>
  <testcase classname="TestCases.tc54" name="Logindetails" time="4.289"/>
  <testcase classname="TestCases.tc54" name="Logindetails" time="4.296"/>
  <testcase classname="TestCases.tc54" name="enablesleep" time="7.013"/>
  <testcase classname="TestCases.tc54" name="close" time="0.157"/>
</testsuite> <!-- Regression -->
