<?xml version="1.0" encoding="UTF-8"?>
<!-- Generated by org.testng.reporters.JUnitXMLReporter -->
<testsuite ignored="0" hostname="Akeem" failures="0" tests="16" name="Regression1" time="70.778" errors="0" timestamp="2023-03-12T22:29:00 CDT">
  <testcase classname="TestCases.tc54" name="browser" time="1.588"/>
  <testcase classname="TestCases.tc54" name="openurl" time="3.872"/>
  <testcase classname="TestCases.tc54" name="enableSleep" time="7.01"/>
  <testcase classname="TestCases.tc54" name="Logindetails" time="4.936"/>
  <testcase classname="TestCases.tc54" name="Logindetails" time="4.868"/>
  <testcase classname="TestCases.tc54" name="Logindetails" time="4.218"/>
  <testcase classname="TestCases.tc54" name="Logindetails" time="4.858"/>
  <testcase classname="TestCases.tc54" name="Logindetails" time="4.964"/>
  <testcase classname="TestCases.tc54" name="Logindetails" time="4.218"/>
  <testcase classname="TestCases.tc54" name="Logindetails" time="4.809"/>
  <testcase classname="TestCases.tc54" name="Logindetails" time="4.901"/>
  <testcase classname="TestCases.tc54" name="Logindetails" time="4.869"/>
  <testcase classname="TestCases.tc54" name="Logindetails" time="4.197"/>
  <testcase classname="TestCases.tc54" name="Logindetails" time="4.212"/>
  <testcase classname="TestCases.tc54" name="enablesleep" time="7.015"/>
  <testcase classname="TestCases.tc54" name="close" time="0.165"/>
</testsuite> <!-- Regression1 -->
